{
  "stats": {
    "suites": 7,
    "tests": 21,
    "passes": 19,
    "pending": 0,
    "failures": 2,
    "start": "2026-04-03T22:16:42.090Z",
    "end": "2026-04-03T22:18:33.343Z",
    "duration": 111253,
    "testsRegistered": 21,
    "passPercent": 90.47619047619048,
    "pendingPercent": 0,
    "other": 0,
    "hasOther": false,
    "skipped": 0,
    "hasSkipped": false
  },
  "results": [
    {
      "uuid": "8b68c90f-3f9a-48a3-8269-0154e5618d21",
      "title": "",
      "fullFile": "",
      "file": "",
      "beforeHooks": [],
      "afterHooks": [],
      "tests": [],
      "suites": [
        {
          "uuid": "aff7c70d-6bef-4657-955c-f2e02acf4550",
          "title": "HU01: Registro de Usuario",
          "fullFile": "C:\\xampp\\htdocs\\inventario-selenium\\tests\\hu01_registro.test.js",
          "file": "\\tests\\hu01_registro.test.js",
          "beforeHooks": [
            {
              "title": "\"before all\" hook in \"HU01: Registro de Usuario\"",
              "fullTitle": "HU01: Registro de Usuario \"before all\" hook in \"HU01: Registro de Usuario\"",
              "timedOut": false,
              "duration": 2209,
              "state": null,
              "speed": null,
              "pass": false,
              "fail": false,
              "pending": false,
              "context": null,
              "code": "driver = await new Builder().forBrowser('chrome').build();\n// Crear carpeta de evidencias si no existe\nif (!fs.existsSync('./evidencias')) fs.mkdirSync('./evidencias');",
              "err": {},
              "uuid": "810a608f-d1ae-4e41-97a7-f2382fd6b852",
              "parentUUID": "aff7c70d-6bef-4657-955c-f2e02acf4550",
              "isHook": true,
              "skipped": false
            }
          ],
          "afterHooks": [
            {
              "title": "\"after all\" hook in \"HU01: Registro de Usuario\"",
              "fullTitle": "HU01: Registro de Usuario \"after all\" hook in \"HU01: Registro de Usuario\"",
              "timedOut": false,
              "duration": 1802,
              "state": null,
              "speed": null,
              "pass": false,
              "fail": false,
              "pending": false,
              "context": null,
              "code": "await driver.quit();",
              "err": {},
              "uuid": "dbec56cf-317d-405a-a8dc-a67243c0c917",
              "parentUUID": "aff7c70d-6bef-4657-955c-f2e02acf4550",
              "isHook": true,
              "skipped": false
            }
          ],
          "tests": [
            {
              "title": "Debe mostrar error si la contraseña tiene menos de 8 caracteres",
              "fullTitle": "HU01: Registro de Usuario Debe mostrar error si la contraseña tiene menos de 8 caracteres",
              "timedOut": false,
              "duration": 3108,
              "state": "passed",
              "speed": "slow",
              "pass": true,
              "fail": false,
              "pending": false,
              "context": null,
              "code": "await driver.get('http://localhost:3000/register');\nawait driver.findElement(By.id('username')).sendKeys('user_test');\nawait driver.findElement(By.id('email')).sendKeys('test@mail.com');\nawait driver.findElement(By.id('password')).sendKeys('123456'); // Solo 6\nawait driver.findElement(By.css('button[type=\"submit\"]')).click();\nlet errorMsg = await driver.wait(until.elementLocated(By.id('error-message')), 5000);\nawait guardarEvidencia('HU01_Negativa_PasswordCorta'); // 📸 CAPTURA\n\nlet texto = await errorMsg.getText();\nassert.strictEqual(texto, \"La contraseña debe tener al menos 8 caracteres.\");",
              "err": {},
              "uuid": "92397c40-b8b4-46ca-b17b-d5044fb6d084",
              "parentUUID": "aff7c70d-6bef-4657-955c-f2e02acf4550",
              "isHook": false,
              "skipped": false
            },
            {
              "title": "Debe permitir el registro con el límite mínimo (exactamente 8 caracteres)",
              "fullTitle": "HU01: Registro de Usuario Debe permitir el registro con el límite mínimo (exactamente 8 caracteres)",
              "timedOut": false,
              "duration": 3005,
              "state": "passed",
              "speed": "slow",
              "pass": true,
              "fail": false,
              "pending": false,
              "context": null,
              "code": "await driver.get('http://localhost:3000/register');\nawait driver.findElement(By.id('username')).sendKeys('limite_test');\nawait driver.findElement(By.id('email')).sendKeys('limite1@mail.com');\nawait driver.findElement(By.id('password')).sendKeys('acdssg52'); // Justo 8\nawait driver.findElement(By.css('button[type=\"submit\"]')).click();\nawait driver.wait(until.urlContains('/login'), 5000);\nawait guardarEvidencia('HU01_Limite_Exactamente8'); // 📸 CAPTURA\n\nassert.ok((await driver.getCurrentUrl()).includes('/login'));",
              "err": {},
              "uuid": "f4c1dcaf-6caf-4512-b25f-c603e3f3fb47",
              "parentUUID": "aff7c70d-6bef-4657-955c-f2e02acf4550",
              "isHook": false,
              "skipped": false
            },
            {
              "title": "Debe registrar exitosamente con datos válidos",
              "fullTitle": "HU01: Registro de Usuario Debe registrar exitosamente con datos válidos",
              "timedOut": false,
              "duration": 3160,
              "state": "passed",
              "speed": "slow",
              "pass": true,
              "fail": false,
              "pending": false,
              "context": null,
              "code": "await driver.get('http://localhost:3000/register');\nconst randomUser = 'user' + Math.floor(Math.random() * 1000); // Para que no falle por usuario repetido\nawait driver.findElement(By.id('username')).sendKeys(randomUser);\nawait driver.findElement(By.id('email')).sendKeys(randomUser + '@mail.com');\nawait driver.findElement(By.id('password')).sendKeys('passwordSegura123');\nawait driver.findElement(By.css('button[type=\"submit\"]')).click();\nawait driver.wait(until.urlContains('/login'), 5000);\nawait guardarEvidencia('HU01_CaminoFeliz_Exito'); // 📸 CAPTURA\n\nassert.ok((await driver.getCurrentUrl()).includes('/login'));",
              "err": {},
              "uuid": "f0fd9cf5-5376-41f6-8ea4-fd79a6d4cea8",
              "parentUUID": "aff7c70d-6bef-4657-955c-f2e02acf4550",
              "isHook": false,
              "skipped": false
            }
          ],
          "suites": [],
          "passes": [
            "92397c40-b8b4-46ca-b17b-d5044fb6d084",
            "f4c1dcaf-6caf-4512-b25f-c603e3f3fb47",
            "f0fd9cf5-5376-41f6-8ea4-fd79a6d4cea8"
          ],
          "failures": [],
          "pending": [],
          "skipped": [],
          "duration": 9273,
          "root": false,
          "rootEmpty": false,
          "_timeout": 30000
        },
        {
          "uuid": "b6e690b1-27e7-4786-87ed-4e0850c92cd3",
          "title": "HU02: Inicio de Sesión",
          "fullFile": "C:\\xampp\\htdocs\\inventario-selenium\\tests\\hu02_login.test.js",
          "file": "\\tests\\hu02_login.test.js",
          "beforeHooks": [
            {
              "title": "\"before all\" hook in \"HU02: Inicio de Sesión\"",
              "fullTitle": "HU02: Inicio de Sesión \"before all\" hook in \"HU02: Inicio de Sesión\"",
              "timedOut": false,
              "duration": 2023,
              "state": null,
              "speed": null,
              "pass": false,
              "fail": false,
              "pending": false,
              "context": null,
              "code": "driver = await new Builder().forBrowser('chrome').build();\nif (!fs.existsSync('./evidencias')) fs.mkdirSync('./evidencias');",
              "err": {},
              "uuid": "538a143e-f5a3-4869-903e-7d2282158736",
              "parentUUID": "b6e690b1-27e7-4786-87ed-4e0850c92cd3",
              "isHook": true,
              "skipped": false
            }
          ],
          "afterHooks": [
            {
              "title": "\"after all\" hook in \"HU02: Inicio de Sesión\"",
              "fullTitle": "HU02: Inicio de Sesión \"after all\" hook in \"HU02: Inicio de Sesión\"",
              "timedOut": false,
              "duration": 2391,
              "state": null,
              "speed": null,
              "pass": false,
              "fail": false,
              "pending": false,
              "context": null,
              "code": "await driver.quit();",
              "err": {},
              "uuid": "9d333693-344a-4ccb-ab23-7a4162177ce7",
              "parentUUID": "b6e690b1-27e7-4786-87ed-4e0850c92cd3",
              "isHook": true,
              "skipped": false
            }
          ],
          "tests": [
            {
              "title": "Debe fallar con credenciales incorrectas",
              "fullTitle": "HU02: Inicio de Sesión Debe fallar con credenciales incorrectas",
              "timedOut": false,
              "duration": 2967,
              "state": "passed",
              "speed": "slow",
              "pass": true,
              "fail": false,
              "pending": false,
              "context": null,
              "code": "await driver.get('http://localhost:3000/login');\nawait driver.findElement(By.id('login-email')).sendKeys('correo@falso.com');\nawait driver.findElement(By.id('login-password')).sendKeys('error123');\nawait driver.findElement(By.id('btn-login')).click();\nlet errorMsg = await driver.wait(until.elementLocated(By.id('error-login')), 5000);\nawait tomarCaptura('HU02_Negativa_CredencialesErroneas');\n\nlet texto = await errorMsg.getText();\nassert.strictEqual(texto, \"Credenciales incorrectas.\");",
              "err": {},
              "uuid": "84166424-fd30-484a-818c-bf0b93df3836",
              "parentUUID": "b6e690b1-27e7-4786-87ed-4e0850c92cd3",
              "isHook": false,
              "skipped": false
            },
            {
              "title": "Debe permitir el login con contraseña de exactamente 8 caracteres",
              "fullTitle": "HU02: Inicio de Sesión Debe permitir el login con contraseña de exactamente 8 caracteres",
              "timedOut": false,
              "duration": 2464,
              "state": "passed",
              "speed": "slow",
              "pass": true,
              "fail": false,
              "pending": false,
              "context": null,
              "code": "await driver.get('http://localhost:3000/login');\n// Usamos el usuario creado en la prueba de límites del registro\nawait driver.findElement(By.id('login-email')).sendKeys('limite1@mail.com');\nawait driver.findElement(By.id('login-password')).sendKeys('acdssg52'); \nawait driver.findElement(By.css('button[type=\"submit\"]')).click();\nawait driver.wait(until.urlContains('/dashboard'), 5000);\nawait tomarCaptura('HU02_Limite_PasswordMinima');\n\nlet url = await driver.getCurrentUrl();\nassert.ok(url.includes('/dashboard'));",
              "err": {},
              "uuid": "df56d662-4b16-45e9-87ea-766b408735da",
              "parentUUID": "b6e690b1-27e7-4786-87ed-4e0850c92cd3",
              "isHook": false,
              "skipped": false
            },
            {
              "title": "Debe entrar correctamente con el usuario de prueba estándar",
              "fullTitle": "HU02: Inicio de Sesión Debe entrar correctamente con el usuario de prueba estándar",
              "timedOut": false,
              "duration": 2241,
              "state": "passed",
              "speed": "slow",
              "pass": true,
              "fail": false,
              "pending": false,
              "context": null,
              "code": "await driver.get('http://localhost:3000/login');\n\nlet inputEmail = await driver.wait(until.elementLocated(By.id('login-email')), 5000);\nawait inputEmail.sendKeys('test@correo.com');\nawait driver.findElement(By.id('login-password')).sendKeys('password123');\nawait driver.findElement(By.css('button[type=\"submit\"]')).click();\nawait driver.wait(until.urlContains('/dashboard'), 5000);\nawait tomarCaptura('HU02_CaminoFeliz_Exito');\n\nlet url = await driver.getCurrentUrl();\nassert.ok(url.includes('/dashboard'));",
              "err": {},
              "uuid": "4c65419e-db3d-46c1-8a78-9e30f376c9cb",
              "parentUUID": "b6e690b1-27e7-4786-87ed-4e0850c92cd3",
              "isHook": false,
              "skipped": false
            }
          ],
          "suites": [],
          "passes": [
            "84166424-fd30-484a-818c-bf0b93df3836",
            "df56d662-4b16-45e9-87ea-766b408735da",
            "4c65419e-db3d-46c1-8a78-9e30f376c9cb"
          ],
          "failures": [],
          "pending": [],
          "skipped": [],
          "duration": 7672,
          "root": false,
          "rootEmpty": false,
          "_timeout": 30000
        },
        {
          "uuid": "8991bcef-5fdf-406b-abe8-d38654e39a1f",
          "title": "HU03: Gestión de Inventario",
          "fullFile": "C:\\xampp\\htdocs\\inventario-selenium\\tests\\hu03_productos.test.js",
          "file": "\\tests\\hu03_productos.test.js",
          "beforeHooks": [
            {
              "title": "\"before all\" hook in \"HU03: Gestión de Inventario\"",
              "fullTitle": "HU03: Gestión de Inventario \"before all\" hook in \"HU03: Gestión de Inventario\"",
              "timedOut": false,
              "duration": 3042,
              "state": null,
              "speed": null,
              "pass": false,
              "fail": false,
              "pending": false,
              "context": null,
              "code": "driver = await new Builder().forBrowser('chrome').build();\nif (!fs.existsSync('./evidencias')) fs.mkdirSync('./evidencias');",
              "err": {},
              "uuid": "83ba5129-ce2b-4b62-b5f6-ef455caf5800",
              "parentUUID": "8991bcef-5fdf-406b-abe8-d38654e39a1f",
              "isHook": true,
              "skipped": false
            }
          ],
          "afterHooks": [
            {
              "title": "\"after all\" hook in \"HU03: Gestión de Inventario\"",
              "fullTitle": "HU03: Gestión de Inventario \"after all\" hook in \"HU03: Gestión de Inventario\"",
              "timedOut": false,
              "duration": 2761,
              "state": null,
              "speed": null,
              "pass": false,
              "fail": false,
              "pending": false,
              "context": null,
              "code": "await driver.quit();",
              "err": {},
              "uuid": "e4542fe5-96d0-459e-bdaf-0151d4461923",
              "parentUUID": "8991bcef-5fdf-406b-abe8-d38654e39a1f",
              "isHook": true,
              "skipped": false
            }
          ],
          "tests": [
            {
              "title": "Debe agregar un nuevo producto y mostrarlo en la tabla",
              "fullTitle": "HU03: Gestión de Inventario Debe agregar un nuevo producto y mostrarlo en la tabla",
              "timedOut": false,
              "duration": 2722,
              "state": "passed",
              "speed": "slow",
              "pass": true,
              "fail": false,
              "pending": false,
              "context": null,
              "code": "await driver.get('http://localhost:3000/dashboard');\nawait driver.findElement(By.id('prod-nombre')).sendKeys('Laptop Dell');\nawait driver.findElement(By.id('prod-cantidad')).sendKeys('10');\nawait driver.findElement(By.id('prod-precio')).sendKeys('750.50');\nawait driver.findElement(By.id('btn-add')).click();\n// ESPERA A QUE EL ELEMENTO SE REFRESCQUE EN EL DOM\nconst xpathProd = \"//td[contains(., 'Laptop Dell')]\";\nlet productoCelda = await driver.wait(until.elementLocated(By.xpath(xpathProd)), 10000);\n\nlet texto = await productoCelda.getText();\nassert.ok(texto.includes('Laptop Dell'));\nconsole.log(\"✅ Camino Feliz: Producto verificado.\");",
              "err": {},
              "uuid": "d77e8fe5-bbc9-4e63-9488-52b2b2bd9ea8",
              "parentUUID": "8991bcef-5fdf-406b-abe8-d38654e39a1f",
              "isHook": false,
              "skipped": false
            },
            {
              "title": "No debe permitir agregar un producto con precio negativo o cero",
              "fullTitle": "HU03: Gestión de Inventario No debe permitir agregar un producto con precio negativo o cero",
              "timedOut": false,
              "duration": 2092,
              "state": "passed",
              "speed": "slow",
              "pass": true,
              "fail": false,
              "pending": false,
              "context": null,
              "code": "await driver.get('http://localhost:3000/dashboard');\n\nawait driver.wait(until.elementLocated(By.id('btn-add')), 10000);\nawait driver.findElement(By.id('prod-nombre')).sendKeys('Producto Error');\nawait driver.findElement(By.id('prod-cantidad')).sendKeys('5');\nawait driver.findElement(By.id('prod-precio')).sendKeys('-10'); // Valor inválido\n\nawait driver.findElement(By.id('btn-add')).click();\n// Verificamos que NO se agregó (la tabla no debe tener 'Producto Error')\nlet bodyText = await driver.findElement(By.tagName('body')).getText();\n\nawait tomarEvidencia('HU03_Negativa_PrecioInvalido'); // 📸 CAPTURA\n\nassert.ok(!bodyText.includes('Producto Error'), \"El producto inválido se guardó en la tabla\");",
              "err": {},
              "uuid": "399abfb9-9d75-441a-8c1d-01aff23b51be",
              "parentUUID": "8991bcef-5fdf-406b-abe8-d38654e39a1f",
              "isHook": false,
              "skipped": false
            },
            {
              "title": "Debe permitir agregar un producto con los valores mínimos permitidos",
              "fullTitle": "HU03: Gestión de Inventario Debe permitir agregar un producto con los valores mínimos permitidos",
              "timedOut": false,
              "duration": 2694,
              "state": "passed",
              "speed": "slow",
              "pass": true,
              "fail": false,
              "pending": false,
              "context": null,
              "code": "await driver.get('http://localhost:3000/dashboard');\n\nawait driver.wait(until.elementLocated(By.id('btn-add')), 10000);\nawait driver.findElement(By.id('prod-nombre')).sendKeys('A'); // Nombre mínimo (1 caracter)\nawait driver.findElement(By.id('prod-cantidad')).sendKeys('1'); // Cantidad mínima\nawait driver.findElement(By.id('prod-precio')).sendKeys('0.01'); // Precio mínimo\n\nawait driver.findElement(By.id('btn-add')).click();\nconst xpathLimite = \"//table[@id='tabla-productos']//td[contains(., 'A')]\";\nawait driver.wait(until.elementLocated(By.xpath(xpathLimite)), 10000);\n\nawait tomarEvidencia('HU03_Limite_Minimos'); // 📸 CAPTURA\n\nconsole.log(\"✅ Prueba de Límites: Valores mínimos aceptados.\");",
              "err": {},
              "uuid": "226d84c9-e440-4f33-989f-b38f1ae58390",
              "parentUUID": "8991bcef-5fdf-406b-abe8-d38654e39a1f",
              "isHook": false,
              "skipped": false
            }
          ],
          "suites": [],
          "passes": [
            "d77e8fe5-bbc9-4e63-9488-52b2b2bd9ea8",
            "399abfb9-9d75-441a-8c1d-01aff23b51be",
            "226d84c9-e440-4f33-989f-b38f1ae58390"
          ],
          "failures": [],
          "pending": [],
          "skipped": [],
          "duration": 7508,
          "root": false,
          "rootEmpty": false,
          "_timeout": 30000
        },
        {
          "uuid": "a717c5bf-efc6-4730-98df-2aae22acc370",
          "title": "HU04: Visualización de Inventario",
          "fullFile": "C:\\xampp\\htdocs\\inventario-selenium\\tests\\hu04_view.test.js",
          "file": "\\tests\\hu04_view.test.js",
          "beforeHooks": [
            {
              "title": "\"before all\" hook in \"HU04: Visualización de Inventario\"",
              "fullTitle": "HU04: Visualización de Inventario \"before all\" hook in \"HU04: Visualización de Inventario\"",
              "timedOut": false,
              "duration": 2234,
              "state": null,
              "speed": null,
              "pass": false,
              "fail": false,
              "pending": false,
              "context": null,
              "code": "driver = await new Builder().forBrowser('chrome').build();\nif (!fs.existsSync('./evidencias')) fs.mkdirSync('./evidencias');",
              "err": {},
              "uuid": "30d52bd8-e838-44a4-9f11-005fac269bb6",
              "parentUUID": "a717c5bf-efc6-4730-98df-2aae22acc370",
              "isHook": true,
              "skipped": false
            }
          ],
          "afterHooks": [
            {
              "title": "\"after all\" hook in \"HU04: Visualización de Inventario\"",
              "fullTitle": "HU04: Visualización de Inventario \"after all\" hook in \"HU04: Visualización de Inventario\"",
              "timedOut": false,
              "duration": 2208,
              "state": null,
              "speed": null,
              "pass": false,
              "fail": false,
              "pending": false,
              "context": null,
              "code": "if (driver) await driver.quit();",
              "err": {},
              "uuid": "6ebb9c61-4341-4f35-85e8-c1d4cd799bec",
              "parentUUID": "a717c5bf-efc6-4730-98df-2aae22acc370",
              "isHook": true,
              "skipped": false
            }
          ],
          "tests": [
            {
              "title": "Debe cargar la tabla y mostrar los productos registrados",
              "fullTitle": "HU04: Visualización de Inventario Debe cargar la tabla y mostrar los productos registrados",
              "timedOut": false,
              "duration": 3024,
              "state": "passed",
              "speed": "slow",
              "pass": true,
              "fail": false,
              "pending": false,
              "context": null,
              "code": "// Aseguramos sesión primero\nawait driver.get('http://localhost:3000/login');\nawait driver.findElement(By.id('login-email')).sendKeys('test@correo.com');\nawait driver.findElement(By.id('login-password')).sendKeys('password123');\nawait driver.findElement(By.css('button[type=\"submit\"]')).click();\nawait driver.wait(until.urlContains('/dashboard'), 10000);\n// Esperar a que la tabla y sus filas carguen\nlet tabla = await driver.wait(until.elementLocated(By.id('tabla-productos')), 10000);\nawait driver.wait(until.elementsLocated(By.css('#tabla-productos tbody tr')), 10000);\n\nawait tomarEvidencia('HU04_CaminoFeliz_TablaCargada');\n\nlet filas = await driver.findElements(By.css('#tabla-productos tbody tr'));\nassert.ok(filas.length > 0, \"La tabla debería mostrar al menos un producto\");\nconsole.log(`✅ Visualización exitosa: ${filas.length} productos encontrados.`);",
              "err": {},
              "uuid": "abe6a4ae-4047-45f7-9a4c-83f7dc51cecc",
              "parentUUID": "a717c5bf-efc6-4730-98df-2aae22acc370",
              "isHook": false,
              "skipped": false
            },
            {
              "title": "Debe redirigir al login si se intenta acceder al dashboard sin sesión",
              "fullTitle": "HU04: Visualización de Inventario Debe redirigir al login si se intenta acceder al dashboard sin sesión",
              "timedOut": false,
              "duration": 12244,
              "state": "failed",
              "speed": null,
              "pass": false,
              "fail": true,
              "pending": false,
              "context": null,
              "code": "// Limpiamos todo rastro de sesión\nawait driver.manage().deleteAllCookies(); \nawait driver.executeScript('window.localStorage.clear();');\nawait driver.executeScript('window.sessionStorage.clear();');\nawait driver.get('http://localhost:3000/dashboard');\n// Subimos el tiempo a 12 segundos para evitar el error del reporte anterior\nawait driver.wait(until.urlContains('/login'), 12000); \nawait tomarEvidencia('HU04_Negativa_AccesoDenegado');\n\nlet url = await driver.getCurrentUrl();\nassert.ok(url.includes('/login'), \"El middleware de seguridad no redirigió al usuario anónimo\");",
              "err": {
                "message": "TimeoutError: Waiting for URL to contain \"/login\"\nWait timed out after 12105ms",
                "estack": "TimeoutError: Waiting for URL to contain \"/login\"\nWait timed out after 12105ms\n    at C:\\xampp\\htdocs\\inventario-selenium\\node_modules\\selenium-webdriver\\lib\\webdriver.js:929:22\n    at process.processTicksAndRejections (node:internal/process/task_queues:104:5)",
                "diff": null
              },
              "uuid": "6beaa882-c216-4b17-9b14-a754d6dcf5ec",
              "parentUUID": "a717c5bf-efc6-4730-98df-2aae22acc370",
              "isHook": false,
              "skipped": false
            },
            {
              "title": "Debe manejar correctamente la visualización con al menos una celda de datos",
              "fullTitle": "HU04: Visualización de Inventario Debe manejar correctamente la visualización con al menos una celda de datos",
              "timedOut": false,
              "duration": 1796,
              "state": "passed",
              "speed": "slow",
              "pass": true,
              "fail": false,
              "pending": false,
              "context": null,
              "code": "// Re-login para volver al dashboard\nawait driver.get('http://localhost:3000/login');\nawait driver.findElement(By.id('login-email')).sendKeys('test@correo.com');\nawait driver.findElement(By.id('login-password')).sendKeys('password123');\nawait driver.findElement(By.css('button[type=\"submit\"]')).click();\nawait driver.wait(until.urlContains('/dashboard'), 10000);\n// Verificamos presencia de celdas de datos\nlet celdas = await driver.wait(until.elementsLocated(By.css('#tabla-productos td')), 10000);\n\nawait tomarEvidencia('HU04_Limite_MinimoDatos');\nassert.ok(celdas.length >= 3, \"La fila del producto debe tener al menos Nombre, Cantidad y Precio\");",
              "err": {},
              "uuid": "cce7f1e3-646e-4727-a443-6ed70e3fe199",
              "parentUUID": "a717c5bf-efc6-4730-98df-2aae22acc370",
              "isHook": false,
              "skipped": false
            }
          ],
          "suites": [],
          "passes": [
            "abe6a4ae-4047-45f7-9a4c-83f7dc51cecc",
            "cce7f1e3-646e-4727-a443-6ed70e3fe199"
          ],
          "failures": [
            "6beaa882-c216-4b17-9b14-a754d6dcf5ec"
          ],
          "pending": [],
          "skipped": [],
          "duration": 17064,
          "root": false,
          "rootEmpty": false,
          "_timeout": 40000
        },
        {
          "uuid": "ae3c0fcb-c026-4182-bb25-3f356da3e1c3",
          "title": "HU05: Edición de Productos",
          "fullFile": "C:\\xampp\\htdocs\\inventario-selenium\\tests\\hu05_edit.test.js",
          "file": "\\tests\\hu05_edit.test.js",
          "beforeHooks": [
            {
              "title": "\"before all\" hook in \"HU05: Edición de Productos\"",
              "fullTitle": "HU05: Edición de Productos \"before all\" hook in \"HU05: Edición de Productos\"",
              "timedOut": false,
              "duration": 1845,
              "state": null,
              "speed": null,
              "pass": false,
              "fail": false,
              "pending": false,
              "context": null,
              "code": "driver = await new Builder().forBrowser('chrome').build();\nif (!fs.existsSync('./evidencias')) fs.mkdirSync('./evidencias');",
              "err": {},
              "uuid": "13edfe37-d341-442b-b3ad-6c37d5028deb",
              "parentUUID": "ae3c0fcb-c026-4182-bb25-3f356da3e1c3",
              "isHook": true,
              "skipped": false
            }
          ],
          "afterHooks": [
            {
              "title": "\"after all\" hook in \"HU05: Edición de Productos\"",
              "fullTitle": "HU05: Edición de Productos \"after all\" hook in \"HU05: Edición de Productos\"",
              "timedOut": false,
              "duration": 1686,
              "state": null,
              "speed": null,
              "pass": false,
              "fail": false,
              "pending": false,
              "context": null,
              "code": "if (driver) await driver.quit();",
              "err": {},
              "uuid": "abc35cc2-1550-4fd9-8f7d-5c74832eaed2",
              "parentUUID": "ae3c0fcb-c026-4182-bb25-3f356da3e1c3",
              "isHook": true,
              "skipped": false
            }
          ],
          "tests": [
            {
              "title": "Debe editar un producto correctamente con datos válidos",
              "fullTitle": "HU05: Edición de Productos Debe editar un producto correctamente con datos válidos",
              "timedOut": false,
              "duration": 3393,
              "state": "passed",
              "speed": "slow",
              "pass": true,
              "fail": false,
              "pending": false,
              "context": null,
              "code": "await driver.get('http://localhost:3000/dashboard');\n// Espera robusta a que existan botones de edición\nlet btnEdits = await driver.wait(until.elementsLocated(By.className('btn-edit')), 10000);\nlet editUrl = await btnEdits[btnEdits.length - 1].getAttribute('href');\nawait driver.get(editUrl);\nlet inputNombre = await driver.wait(until.elementLocated(By.id('edit-nombre')), 10000);\nawait inputNombre.clear();\nawait inputNombre.sendKeys('Producto Editado Feliz');\n\nawait driver.findElement(By.id('btn-save-edit')).click();\n// Esperamos volver al dashboard y que la tabla refleje el cambio\nawait driver.wait(until.urlContains('/dashboard'), 10000);\nlet tabla = await driver.wait(until.elementLocated(By.id('tabla-productos')), 10000);\n\nawait tomarEvidencia('HU05_CaminoFeliz_Editado');\n\nlet tablaText = await tabla.getText();\nassert.ok(tablaText.includes('Producto Editado Feliz'), \"El nombre editado no aparece en la tabla\");",
              "err": {},
              "uuid": "115f2441-5bcd-4fac-adde-4b458774fff9",
              "parentUUID": "ae3c0fcb-c026-4182-bb25-3f356da3e1c3",
              "isHook": false,
              "skipped": false
            },
            {
              "title": "No debe permitir guardar cambios si el nombre queda vacío",
              "fullTitle": "HU05: Edición de Productos No debe permitir guardar cambios si el nombre queda vacío",
              "timedOut": false,
              "duration": 2718,
              "state": "passed",
              "speed": "slow",
              "pass": true,
              "fail": false,
              "pending": false,
              "context": null,
              "code": "await driver.get('http://localhost:3000/dashboard');\n\n// Localizamos botones de nuevo para evitar Stale Elements\nlet btnEdits = await driver.wait(until.elementsLocated(By.className('btn-edit')), 10000);\nawait driver.get(await btnEdits[0].getAttribute('href'));\nlet inputNombre = await driver.wait(until.elementLocated(By.id('edit-nombre')), 10000);\nawait inputNombre.clear(); \n\nawait driver.findElement(By.id('btn-save-edit')).click();\n// Tomamos captura para ver el mensaje de validación de HTML5 o del servidor\nawait driver.sleep(1000); \nawait tomarEvidencia('HU05_Negativa_NombreVacio');\nconsole.log(\"✅ Prueba negativa: Verificada validación de campo vacío.\");",
              "err": {},
              "uuid": "654d7e2b-ac37-4336-a405-dd0499fb73f1",
              "parentUUID": "ae3c0fcb-c026-4182-bb25-3f356da3e1c3",
              "isHook": false,
              "skipped": false
            },
            {
              "title": "Debe permitir editar un producto con el valor mínimo (1 carácter)",
              "fullTitle": "HU05: Edición de Productos Debe permitir editar un producto con el valor mínimo (1 carácter)",
              "timedOut": false,
              "duration": 3082,
              "state": "passed",
              "speed": "slow",
              "pass": true,
              "fail": false,
              "pending": false,
              "context": null,
              "code": "await driver.get('http://localhost:3000/dashboard');\n\n// RE-LOCALIZACIÓN: Vital para evitar el TypeError del reporte anterior\nlet btnEdits = await driver.wait(until.elementsLocated(By.className('btn-edit')), 10000);\n\n// Verificación de seguridad\nassert.ok(btnEdits.length > 0, \"No se encontraron botones de edición para la prueba de límites\");\n\nlet editUrl = await btnEdits[0].getAttribute('href');\nawait driver.get(editUrl);\nlet inputNombre = await driver.wait(until.elementLocated(By.id('edit-nombre')), 10000);\nawait inputNombre.clear();\nawait inputNombre.sendKeys('Z'); \n\nlet inputPrecio = await driver.findElement(By.id('edit-precio'));\nawait inputPrecio.clear();\nawait inputPrecio.sendKeys('0.01'); \nawait driver.findElement(By.id('btn-save-edit')).click();\nawait driver.wait(until.urlContains('/dashboard'), 10000);\nawait tomarEvidencia('HU05_Limite_MinimosEdicion');\n\nlet tablaText = await driver.findElement(By.id('tabla-productos')).getText();\nassert.ok(tablaText.includes('Z'), \"El cambio de límite (Z) no se guardó correctamente\");",
              "err": {},
              "uuid": "45e33b1e-95f9-460a-b80d-40c7001c1bf7",
              "parentUUID": "ae3c0fcb-c026-4182-bb25-3f356da3e1c3",
              "isHook": false,
              "skipped": false
            }
          ],
          "suites": [],
          "passes": [
            "115f2441-5bcd-4fac-adde-4b458774fff9",
            "654d7e2b-ac37-4336-a405-dd0499fb73f1",
            "45e33b1e-95f9-460a-b80d-40c7001c1bf7"
          ],
          "failures": [],
          "pending": [],
          "skipped": [],
          "duration": 9193,
          "root": false,
          "rootEmpty": false,
          "_timeout": 40000
        },
        {
          "uuid": "c9722a4a-7b15-44d6-89e1-87e727d218c9",
          "title": "HU06: Eliminación de Productos",
          "fullFile": "C:\\xampp\\htdocs\\inventario-selenium\\tests\\hu06_delete.test.js",
          "file": "\\tests\\hu06_delete.test.js",
          "beforeHooks": [
            {
              "title": "\"before all\" hook in \"HU06: Eliminación de Productos\"",
              "fullTitle": "HU06: Eliminación de Productos \"before all\" hook in \"HU06: Eliminación de Productos\"",
              "timedOut": false,
              "duration": 1898,
              "state": null,
              "speed": null,
              "pass": false,
              "fail": false,
              "pending": false,
              "context": null,
              "code": "driver = await new Builder().forBrowser('chrome').build();\nif (!fs.existsSync('./evidencias')) fs.mkdirSync('./evidencias');",
              "err": {},
              "uuid": "ac910a83-e51f-49fc-abc9-c6bc7a82e815",
              "parentUUID": "c9722a4a-7b15-44d6-89e1-87e727d218c9",
              "isHook": true,
              "skipped": false
            }
          ],
          "afterHooks": [
            {
              "title": "\"after all\" hook in \"HU06: Eliminación de Productos\"",
              "fullTitle": "HU06: Eliminación de Productos \"after all\" hook in \"HU06: Eliminación de Productos\"",
              "timedOut": false,
              "duration": 1852,
              "state": null,
              "speed": null,
              "pass": false,
              "fail": false,
              "pending": false,
              "context": null,
              "code": "if (driver) await driver.quit();",
              "err": {},
              "uuid": "8f2bd314-2719-4d05-aa60-5e3001ab0248",
              "parentUUID": "c9722a4a-7b15-44d6-89e1-87e727d218c9",
              "isHook": true,
              "skipped": false
            }
          ],
          "tests": [
            {
              "title": "Debe eliminar un producto creado recientemente",
              "fullTitle": "HU06: Eliminación de Productos Debe eliminar un producto creado recientemente",
              "timedOut": false,
              "duration": 4700,
              "state": "passed",
              "speed": "slow",
              "pass": true,
              "fail": false,
              "pending": false,
              "context": null,
              "code": "await driver.get('http://localhost:3000/dashboard');\nlet nombreUnico = 'Borrar_Feliz_' + Date.now();\n// Aseguramos que el formulario esté listo\nawait driver.wait(until.elementLocated(By.id('prod-nombre')), 10000);\nawait driver.findElement(By.id('prod-nombre')).sendKeys(nombreUnico);\nawait driver.findElement(By.id('prod-cantidad')).sendKeys('1');\nawait driver.findElement(By.id('prod-precio')).sendKeys('1.00');\nawait driver.findElement(By.id('btn-add')).click();\n// Esperar a que el botón de eliminar del nuevo producto aparezca\n// Usamos una espera para que la tabla se actualice\nawait driver.wait(until.elementsLocated(By.className('btn-delete')), 15000);\nlet btnDeletes = await driver.findElements(By.className('btn-delete'));\n\n// Clic al último agregado\nawait btnDeletes[btnDeletes.length - 1].click();\n// Esperamos a que el texto del producto DESAPAREZCA de la tabla\nawait driver.wait(async () => {\n    let texto = await driver.findElement(By.id('tabla-productos')).getText();\n    return !texto.includes(nombreUnico);\n}, 10000);\nawait tomarEvidencia('HU06_CaminoFeliz_Eliminado');\nconsole.log(`✅ Producto ${nombreUnico} eliminado.`);",
              "err": {},
              "uuid": "b15214a7-4de4-48a6-8ee0-f42b1f297084",
              "parentUUID": "c9722a4a-7b15-44d6-89e1-87e727d218c9",
              "isHook": false,
              "skipped": false
            },
            {
              "title": "No debe permitir eliminar si no hay sesión activa",
              "fullTitle": "HU06: Eliminación de Productos No debe permitir eliminar si no hay sesión activa",
              "timedOut": false,
              "duration": 15431,
              "state": "failed",
              "speed": null,
              "pass": false,
              "fail": true,
              "pending": false,
              "context": null,
              "code": "await driver.manage().deleteAllCookies(); \nawait driver.get('http://localhost:3000/dashboard'); \n// Aumentamos a 10s para evitar el TimeoutError que salió en el reporte\nawait driver.wait(until.urlContains('/login'), 15000); \nawait tomarEvidencia('HU06_Negativa_SinSesion');\n\nlet url = await driver.getCurrentUrl();\nassert.ok(url.includes('/login'), \"No redirigió al login tras quitar cookies\");",
              "err": {
                "message": "TimeoutError: Waiting for URL to contain \"/login\"\nWait timed out after 15157ms",
                "estack": "TimeoutError: Waiting for URL to contain \"/login\"\nWait timed out after 15157ms\n    at C:\\xampp\\htdocs\\inventario-selenium\\node_modules\\selenium-webdriver\\lib\\webdriver.js:929:22\n    at process.processTicksAndRejections (node:internal/process/task_queues:104:5)",
                "diff": null
              },
              "uuid": "56f0954a-3b5a-46ea-8090-eb566ffacca3",
              "parentUUID": "c9722a4a-7b15-44d6-89e1-87e727d218c9",
              "isHook": false,
              "skipped": false
            },
            {
              "title": "Debe funcionar correctamente al eliminar el único elemento restante en la tabla",
              "fullTitle": "HU06: Eliminación de Productos Debe funcionar correctamente al eliminar el único elemento restante en la tabla",
              "timedOut": false,
              "duration": 2370,
              "state": "passed",
              "speed": "slow",
              "pass": true,
              "fail": false,
              "pending": false,
              "context": null,
              "code": "// Re-login necesario\nawait driver.get('http://localhost:3000/login');\nawait driver.findElement(By.id('login-email')).sendKeys('test@correo.com');\nawait driver.findElement(By.id('login-password')).sendKeys('password123');\nawait driver.findElement(By.css('button[type=\"submit\"]')).click();\nawait driver.wait(until.urlContains('/dashboard'), 15000);\n\n// Esperamos a que carguen los botones\nawait driver.wait(until.elementsLocated(By.className('btn-delete')), 10000);\nlet btnDeletes = await driver.findElements(By.className('btn-delete'));\n\nif(btnDeletes.length > 0) {\n    await btnDeletes[0].click();\n    \n    // Espera dinámica en lugar de sleep\n    await driver.wait(until.stalenessOf(btnDeletes[0]), 10000);\n    \n    await tomarEvidencia('HU06_Limite_UltimoElemento');\n    console.log(\"✅ Eliminación de límite completada.\");\n}",
              "err": {},
              "uuid": "ad8646ff-5dd9-483f-ac7b-05fe68c36faa",
              "parentUUID": "c9722a4a-7b15-44d6-89e1-87e727d218c9",
              "isHook": false,
              "skipped": false
            }
          ],
          "suites": [],
          "passes": [
            "b15214a7-4de4-48a6-8ee0-f42b1f297084",
            "ad8646ff-5dd9-483f-ac7b-05fe68c36faa"
          ],
          "failures": [
            "56f0954a-3b5a-46ea-8090-eb566ffacca3"
          ],
          "pending": [],
          "skipped": [],
          "duration": 22501,
          "root": false,
          "rootEmpty": false,
          "_timeout": 40000
        },
        {
          "uuid": "d89f8fc5-4831-4ae9-ba88-411b99c9ca57",
          "title": "HU07: Cierre de Sesión",
          "fullFile": "C:\\xampp\\htdocs\\inventario-selenium\\tests\\hu07_logout.test.js",
          "file": "\\tests\\hu07_logout.test.js",
          "beforeHooks": [
            {
              "title": "\"before all\" hook in \"HU07: Cierre de Sesión\"",
              "fullTitle": "HU07: Cierre de Sesión \"before all\" hook in \"HU07: Cierre de Sesión\"",
              "timedOut": false,
              "duration": 1955,
              "state": null,
              "speed": null,
              "pass": false,
              "fail": false,
              "pending": false,
              "context": null,
              "code": "driver = await new Builder().forBrowser('chrome').build();\nif (!fs.existsSync('./evidencias')) fs.mkdirSync('./evidencias');",
              "err": {},
              "uuid": "f7a44341-8dcd-443d-ba0c-4b8b145bf358",
              "parentUUID": "d89f8fc5-4831-4ae9-ba88-411b99c9ca57",
              "isHook": true,
              "skipped": false
            }
          ],
          "afterHooks": [
            {
              "title": "\"after all\" hook in \"HU07: Cierre de Sesión\"",
              "fullTitle": "HU07: Cierre de Sesión \"after all\" hook in \"HU07: Cierre de Sesión\"",
              "timedOut": false,
              "duration": 885,
              "state": null,
              "speed": null,
              "pass": false,
              "fail": false,
              "pending": false,
              "context": null,
              "code": "if (driver) await driver.quit();",
              "err": {},
              "uuid": "1f066088-e714-4fb6-a9e1-9cf2a56fdf5d",
              "parentUUID": "d89f8fc5-4831-4ae9-ba88-411b99c9ca57",
              "isHook": true,
              "skipped": false
            }
          ],
          "tests": [
            {
              "title": "Debe cerrar la sesión y redirigir al login correctamente",
              "fullTitle": "HU07: Cierre de Sesión Debe cerrar la sesión y redirigir al login correctamente",
              "timedOut": false,
              "duration": 3111,
              "state": "passed",
              "speed": "slow",
              "pass": true,
              "fail": false,
              "pending": false,
              "context": null,
              "code": "await driver.get('http://localhost:3000/login');\n\n// Login previo para poder cerrar sesión\nlet email = await driver.wait(until.elementLocated(By.id('login-email')), 10000);\nawait email.sendKeys('test@correo.com');\nawait driver.findElement(By.id('login-password')).sendKeys('password123');\nawait driver.findElement(By.css('button[type=\"submit\"]')).click();\nawait driver.wait(until.urlContains('/dashboard'), 10000);\n\n// LOCALIZACIÓN CORRECTA DEL BOTÓN\nlet btnLogout = await driver.wait(until.elementLocated(By.id('btn-logout')), 10000);\nawait btnLogout.click();\n// Espera de 10s para la redirección\nawait driver.wait(until.urlContains('/login'), 10000);\nawait tomarEvidencia('HU07_CaminoFeliz_Logout');\n\nlet currentUrl = await driver.getCurrentUrl();\nassert.ok(currentUrl.includes('/login'));",
              "err": {},
              "uuid": "d5db9fd9-faa8-4907-950d-bb04c614315d",
              "parentUUID": "d89f8fc5-4831-4ae9-ba88-411b99c9ca57",
              "isHook": false,
              "skipped": false
            },
            {
              "title": "No debe permitir volver al dashboard usando el botón \"Atrás\" del navegador",
              "fullTitle": "HU07: Cierre de Sesión No debe permitir volver al dashboard usando el botón \"Atrás\" del navegador",
              "timedOut": false,
              "duration": 3014,
              "state": "passed",
              "speed": "slow",
              "pass": true,
              "fail": false,
              "pending": false,
              "context": null,
              "code": "// Asumimos que ya estamos fuera por el test anterior\nawait driver.get('http://localhost:3000/dashboard');\n\n// El sistema debe detectar que no hay sesión y rebotar\nawait driver.wait(until.urlContains('/login'), 10000);\nawait tomarEvidencia('HU07_Negativa_ReboteDashboard');\n\nlet url = await driver.getCurrentUrl();\nassert.ok(url.includes('/login'));",
              "err": {},
              "uuid": "f32966a2-68b8-4506-b774-655fbe9a24ad",
              "parentUUID": "d89f8fc5-4831-4ae9-ba88-411b99c9ca57",
              "isHook": false,
              "skipped": false
            },
            {
              "title": "Debe manejar el cierre de sesión incluso si la página se refresca",
              "fullTitle": "HU07: Cierre de Sesión Debe manejar el cierre de sesión incluso si la página se refresca",
              "timedOut": false,
              "duration": 3040,
              "state": "passed",
              "speed": "slow",
              "pass": true,
              "fail": false,
              "pending": false,
              "context": null,
              "code": "// Iniciamos sesión otra vez\nawait driver.get('http://localhost:3000/login');\nawait driver.findElement(By.id('login-email')).sendKeys('test@correo.com');\nawait driver.findElement(By.id('login-password')).sendKeys('password123');\nawait driver.findElement(By.css('button[type=\"submit\"]')).click();\nawait driver.wait(until.urlContains('/dashboard'), 10000);\n\nawait driver.navigate().refresh();\n\n// CORRECCIÓN AQUÍ: Quitamos el 'id' extra que causaba el error en el reporte\nlet btnLogout = await driver.wait(until.elementLocated(By.id('btn-logout')), 10000);\nawait btnLogout.click();\nawait driver.wait(until.urlContains('/login'), 10000);\nawait tomarEvidencia('HU07_Limite_SesionRefrescada');\n\nassert.ok((await driver.getCurrentUrl()).includes('/login'));",
              "err": {},
              "uuid": "a7a16721-0f76-4480-9eb9-6e2f5ce07a77",
              "parentUUID": "d89f8fc5-4831-4ae9-ba88-411b99c9ca57",
              "isHook": false,
              "skipped": false
            }
          ],
          "suites": [],
          "passes": [
            "d5db9fd9-faa8-4907-950d-bb04c614315d",
            "f32966a2-68b8-4506-b774-655fbe9a24ad",
            "a7a16721-0f76-4480-9eb9-6e2f5ce07a77"
          ],
          "failures": [],
          "pending": [],
          "skipped": [],
          "duration": 9165,
          "root": false,
          "rootEmpty": false,
          "_timeout": 40000
        }
      ],
      "passes": [],
      "failures": [],
      "pending": [],
      "skipped": [],
      "duration": 0,
      "root": true,
      "rootEmpty": true,
      "_timeout": 30000
    }
  ],
  "meta": {
    "mocha": {
      "version": "11.7.5"
    },
    "mochawesome": {
      "options": {
        "quiet": false,
        "reportFilename": "mochawesome",
        "saveHtml": true,
        "saveJson": true,
        "consoleReporter": "spec",
        "useInlineDiffs": false,
        "code": true
      },
      "version": "7.1.4"
    },
    "marge": {
      "options": null,
      "version": "6.3.2"
    }
  }
}